2025-02-28 10:15:59 [main] INFO  com.g2.t5.T5Application - Starting T5Application using Java 23.0.1 with PID 1589317 (/home/michele/IdeaProjects/A13/T5-G2/t5/target/classes started by michele in /home/michele/IdeaProjects/A13)
2025-02-28 10:15:59 [main] DEBUG com.g2.t5.T5Application - Running with Spring Boot v3.1.1, Spring v6.0.10
2025-02-28 10:15:59 [main] INFO  com.g2.t5.T5Application - No active profile set, falling back to 1 default profile: "default"
2025-02-28 10:16:01 [main] INFO  o.s.b.w.e.tomcat.TomcatWebServer - Tomcat initialized with port(s): 8080 (http)
2025-02-28 10:16:01 [main] INFO  o.a.coyote.http11.Http11NioProtocol - Initializing ProtocolHandler ["http-nio-8080"]
2025-02-28 10:16:01 [main] INFO  o.a.catalina.core.StandardService - Starting service [Tomcat]
2025-02-28 10:16:01 [main] INFO  o.a.catalina.core.StandardEngine - Starting Servlet engine: [Apache Tomcat/10.1.10]
2025-02-28 10:16:01 [main] INFO  o.a.c.c.C.[Tomcat].[localhost].[/] - Initializing Spring embedded WebApplicationContext
2025-02-28 10:16:01 [main] INFO  o.s.b.w.s.c.ServletWebServerApplicationContext - Root WebApplicationContext: initialization completed in 1174 ms
2025-02-28 10:16:01 [main] INFO  com.g2.Interfaces.ServiceManager - [SERVICE MANAGER] Servizio registrato: T1 -> T1Service
2025-02-28 10:16:01 [main] INFO  com.g2.Interfaces.ServiceManager - [SERVICE MANAGER] Servizio registrato: T23 -> T23Service
2025-02-28 10:16:01 [main] INFO  com.g2.Interfaces.ServiceManager - [SERVICE MANAGER] Servizio registrato: T4 -> T4Service
2025-02-28 10:16:01 [main] INFO  com.g2.Interfaces.ServiceManager - [SERVICE MANAGER] Servizio registrato: T7 -> T7Service
2025-02-28 10:16:01 [main] INFO  o.s.b.a.e.web.EndpointLinksResolver - Exposing 1 endpoint(s) beneath base path '/actuator'
2025-02-28 10:16:01 [main] INFO  o.a.coyote.http11.Http11NioProtocol - Starting ProtocolHandler ["http-nio-8080"]
2025-02-28 10:16:01 [main] INFO  o.s.b.w.e.tomcat.TomcatWebServer - Tomcat started on port(s): 8080 (http) with context path ''
2025-02-28 10:16:01 [main] INFO  com.g2.t5.T5Application - Started T5Application in 2.452 seconds (process running for 3.219)
2025-02-28 10:16:02 [RMI TCP Connection(2)-127.0.0.1] INFO  o.a.c.c.C.[Tomcat].[localhost].[/] - Initializing Spring DispatcherServlet 'dispatcherServlet'
2025-02-28 10:16:02 [RMI TCP Connection(2)-127.0.0.1] INFO  o.s.web.servlet.DispatcherServlet - Initializing Servlet 'dispatcherServlet'
2025-02-28 10:16:02 [RMI TCP Connection(2)-127.0.0.1] INFO  o.s.web.servlet.DispatcherServlet - Completed initialization in 2 ms
2025-02-28 15:50:45 [background-preinit] INFO  o.h.validator.internal.util.Version - HV000001: Hibernate Validator 8.0.1.Final
2025-02-28 15:50:45 [main] INFO  com.g2.t5.T5Application - Starting T5Application using Java 23.0.1 with PID 1664715 (/home/michele/IdeaProjects/A13/T5-G2/t5/target/classes started by michele in /home/michele/IdeaProjects/A13)
2025-02-28 15:50:45 [main] DEBUG com.g2.t5.T5Application - Running with Spring Boot v3.1.1, Spring v6.0.10
2025-02-28 15:50:45 [main] INFO  com.g2.t5.T5Application - No active profile set, falling back to 1 default profile: "default"
